New log file opened at Thu Aug 06 11:39:21 CEST 2015 by 6123@user-ThinkPad-T440p
Taking next connection to: 33042
New client attempting to connect on port: 58351-33042
  Address = /127.0.1.1:33042
This client on port 58351 has uuid 6fd01d4e-42db-4d4d-bc9f-80fe8f78543b configName play-fork-run humanReadableName Play Fork Run protocolVersion 1 featureTags Vector()
Connected Clients: play-fork-run-6fd01d4e-42db-4d4d-bc9f-80fe8f78543b
Taking next connection to: 33042
Checking to see if clients are empty...
We have 1 non-daemon clients, continuing serving connections.
Taking next connection to: 33042
Checking to see if clients are empty...
We have 1 non-daemon clients, continuing serving connections.
Taking next connection to: 33042
Checking to see if clients are empty...
We have 1 non-daemon clients, continuing serving connections.
Taking next connection to: 33042
Checking to see if clients are empty...
We have 1 non-daemon clients, continuing serving connections.
Taking next connection to: 33042
Checking to see if clients are empty...
We have 1 non-daemon clients, continuing serving connections.
Taking next connection to: 33042
